<?xml version="1.0" encoding="UTF-8"?>
<!-- Generated by org.testng.reporters.JUnitReportReporter -->
<testsuite hostname="BlunderMaster69" failures="0" tests="6" name="API_Test.HotelTestUsingPropertiesFile" time="11.221" errors="0" timestamp="2025-06-20T00:21:29 IST" skipped="1">
  <testcase classname="API_Test.HotelTestUsingPropertiesFile" name="createBooking" time="1.486"/>
  <system-out/>
  <testcase classname="API_Test.HotelTestUsingPropertiesFile" name="createBooking" time="4.519"/>
  <system-out/>
  <testcase classname="API_Test.HotelTestUsingPropertiesFile" name="createBooking" time="1.706"/>
  <system-out/>
  <testcase classname="API_Test.HotelTestUsingPropertiesFile" name="createBooking" time="1.910"/>
  <system-out/>
  <testcase classname="API_Test.HotelTestUsingPropertiesFile" name="createBooking" time="1.600"/>
  <system-out/>
  <testcase classname="API_Test.HotelTestUsingPropertiesFile" name="createBookingXML">
    <skipped/>
  </testcase> <!-- createBookingXML -->
  <system-out/>
</testsuite> <!-- API_Test.HotelTestUsingPropertiesFile -->
