<?xml version="1.0" encoding="UTF-8"?>
<!-- Generated by org.testng.reporters.JUnitReportReporter -->
<testsuite hostname="BlunderMaster69" failures="0" tests="6" name="API_Test.HotelTestUsingPropertiesFile" time="10.211" errors="0" timestamp="2025-06-20T01:27:31 IST" skipped="1">
  <testcase classname="API_Test.HotelTestUsingPropertiesFile" name="createBooking" time="1.598"/>
  <system-out/>
  <testcase classname="API_Test.HotelTestUsingPropertiesFile" name="createBooking" time="4.009"/>
  <system-out/>
  <testcase classname="API_Test.HotelTestUsingPropertiesFile" name="createBooking" time="1.367"/>
  <system-out/>
  <testcase classname="API_Test.HotelTestUsingPropertiesFile" name="createBooking" time="1.633"/>
  <system-out/>
  <testcase classname="API_Test.HotelTestUsingPropertiesFile" name="createBooking" time="1.604"/>
  <system-out/>
  <testcase classname="API_Test.HotelTestUsingPropertiesFile" name="createBookingXML">
    <skipped/>
  </testcase> <!-- createBookingXML -->
  <system-out/>
</testsuite> <!-- API_Test.HotelTestUsingPropertiesFile -->
