<?xml version="1.0" encoding="UTF-8"?>
<!-- Generated by org.testng.reporters.JUnitReportReporter -->
<testsuite hostname="BlunderMaster69" failures="0" tests="11" name="API_Test.HotelTestUsingPropertiesFile" time="17.242" errors="0" timestamp="2025-06-26T01:22:55 IST" skipped="1">
  <testcase classname="API_Test.HotelTestUsingPropertiesFile" name="createBooking" time="1.410"/>
  <system-out/>
  <testcase classname="API_Test.HotelTestUsingPropertiesFile" name="createBooking" time="1.375"/>
  <system-out/>
  <testcase classname="API_Test.HotelTestUsingPropertiesFile" name="createBooking" time="1.372"/>
  <system-out/>
  <testcase classname="API_Test.HotelTestUsingPropertiesFile" name="createBooking" time="1.401"/>
  <system-out/>
  <testcase classname="API_Test.HotelTestUsingPropertiesFile" name="createBooking" time="4.610"/>
  <system-out/>
  <testcase classname="API_Test.HotelTestUsingPropertiesFile" name="checkUserByname" time="1.480"/>
  <system-out/>
  <testcase classname="API_Test.HotelTestUsingPropertiesFile" name="checkUserByname" time="1.371"/>
  <system-out/>
  <testcase classname="API_Test.HotelTestUsingPropertiesFile" name="checkUserByname" time="1.396"/>
  <system-out/>
  <testcase classname="API_Test.HotelTestUsingPropertiesFile" name="checkUserByname" time="1.442"/>
  <system-out/>
  <testcase classname="API_Test.HotelTestUsingPropertiesFile" name="checkUserByname" time="1.385"/>
  <system-out/>
  <testcase classname="API_Test.HotelTestUsingPropertiesFile" name="createBookingXML">
    <skipped/>
  </testcase> <!-- createBookingXML -->
  <system-out/>
</testsuite> <!-- API_Test.HotelTestUsingPropertiesFile -->
