<?xml version="1.0" encoding="UTF-8"?>
<!-- Generated by org.testng.reporters.JUnitReportReporter -->
<testsuite hostname="BlunderMaster69" failures="0" tests="6" name="API_Test.HotelTest" time="9.545" errors="0" timestamp="2025-06-18T23:51:49 IST" skipped="1">
  <testcase classname="API_Test.HotelTest" name="createBooking" time="1.372"/>
  <system-out/>
  <testcase classname="API_Test.HotelTest" name="createBooking" time="3.967"/>
  <system-out/>
  <testcase classname="API_Test.HotelTest" name="createBooking" time="1.530"/>
  <system-out/>
  <testcase classname="API_Test.HotelTest" name="createBooking" time="1.334"/>
  <system-out/>
  <testcase classname="API_Test.HotelTest" name="createBooking" time="1.342"/>
  <system-out/>
  <testcase classname="API_Test.HotelTest" name="createBookingXML">
    <skipped/>
  </testcase> <!-- createBookingXML -->
  <system-out/>
</testsuite> <!-- API_Test.HotelTest -->
