<?xml version="1.0" encoding="UTF-8"?>
<!-- Generated by org.testng.reporters.JUnitReportReporter -->
<testsuite hostname="BlunderMaster69" failures="0" tests="11" name="API_Test.HotelTestUsingPropertiesFile" time="16.217" errors="0" timestamp="2025-06-25T01:51:35 IST" skipped="1">
  <testcase classname="API_Test.HotelTestUsingPropertiesFile" name="createBooking" time="1.370"/>
  <system-out/>
  <testcase classname="API_Test.HotelTestUsingPropertiesFile" name="createBooking" time="3.666"/>
  <system-out/>
  <testcase classname="API_Test.HotelTestUsingPropertiesFile" name="createBooking" time="1.415"/>
  <system-out/>
  <testcase classname="API_Test.HotelTestUsingPropertiesFile" name="createBooking" time="1.417"/>
  <system-out/>
  <testcase classname="API_Test.HotelTestUsingPropertiesFile" name="createBooking" time="1.351"/>
  <system-out/>
  <testcase classname="API_Test.HotelTestUsingPropertiesFile" name="checkUserByname" time="1.393"/>
  <system-out/>
  <testcase classname="API_Test.HotelTestUsingPropertiesFile" name="checkUserByname" time="1.420"/>
  <system-out/>
  <testcase classname="API_Test.HotelTestUsingPropertiesFile" name="checkUserByname" time="1.359"/>
  <system-out/>
  <testcase classname="API_Test.HotelTestUsingPropertiesFile" name="checkUserByname" time="1.415"/>
  <system-out/>
  <testcase classname="API_Test.HotelTestUsingPropertiesFile" name="checkUserByname" time="1.411"/>
  <system-out/>
  <testcase classname="API_Test.HotelTestUsingPropertiesFile" name="createBookingXML">
    <skipped/>
  </testcase> <!-- createBookingXML -->
  <system-out/>
</testsuite> <!-- API_Test.HotelTestUsingPropertiesFile -->
