<?xml version="1.0" encoding="UTF-8"?>
<!-- Generated by org.testng.reporters.JUnitReportReporter -->
<testsuite hostname="BlunderMaster69" failures="0" tests="6" name="API_Test.HotelTestUsingPropertiesFile" time="9.134" errors="0" timestamp="2025-06-19T00:15:39 IST" skipped="1">
  <testcase classname="API_Test.HotelTestUsingPropertiesFile" name="createBooking" time="1.333"/>
  <system-out/>
  <testcase classname="API_Test.HotelTestUsingPropertiesFile" name="createBooking" time="3.816"/>
  <system-out/>
  <testcase classname="API_Test.HotelTestUsingPropertiesFile" name="createBooking" time="1.334"/>
  <system-out/>
  <testcase classname="API_Test.HotelTestUsingPropertiesFile" name="createBooking" time="1.306"/>
  <system-out/>
  <testcase classname="API_Test.HotelTestUsingPropertiesFile" name="createBooking" time="1.345"/>
  <system-out/>
  <testcase classname="API_Test.HotelTestUsingPropertiesFile" name="createBookingXML">
    <skipped/>
  </testcase> <!-- createBookingXML -->
  <system-out/>
</testsuite> <!-- API_Test.HotelTestUsingPropertiesFile -->
