<?xml version="1.0" encoding="UTF-8"?>
<!-- Generated by org.testng.reporters.JUnitReportReporter -->
<testsuite hostname="BlunderMaster69" failures="0" tests="6" name="API_Test.HotelTest" time="9.420" errors="0" timestamp="2025-06-19T01:02:09 IST" skipped="1">
  <testcase classname="API_Test.HotelTest" name="createBooking" time="1.337"/>
  <testcase classname="API_Test.HotelTest" name="createBooking" time="4.146"/>
  <testcase classname="API_Test.HotelTest" name="createBooking" time="1.293"/>
  <testcase classname="API_Test.HotelTest" name="createBooking" time="1.358"/>
  <testcase classname="API_Test.HotelTest" name="createBooking" time="1.286"/>
  <testcase classname="API_Test.HotelTest" name="createBookingXML">
    <skipped/>
  </testcase> <!-- createBookingXML -->
</testsuite> <!-- API_Test.HotelTest -->
